<?xml version="1.0" encoding="UTF-8"?>
<testng-results ignored="0" total="1" passed="1" failed="0" skipped="0">
  <reporter-output>
  </reporter-output>
  <suite started-at="2024-10-05T18:02:46 IST" name="Suite" finished-at="2024-10-05T18:03:08 IST" duration-ms="21924">
    <groups>
    </groups>
    <test started-at="2024-10-05T18:02:46 IST" name="Test" finished-at="2024-10-05T18:03:08 IST" duration-ms="21924">
      <class name="com.timesmed.tests.LoginTest">
        <test-method is-config="true" signature="initMobileDriver()[pri:0, instance:com.timesmed.tests.LoginTest@1787f2a0]" started-at="2024-10-05T18:02:46 IST" name="initMobileDriver" finished-at="2024-10-05T18:02:59 IST" duration-ms="12891" status="PASS">
          <reporter-output>
          </reporter-output>
        </test-method> <!-- initMobileDriver -->
        <test-method signature="VerifyLogin()[pri:1, instance:com.timesmed.tests.LoginTest@1787f2a0]" started-at="2024-10-05T18:02:59 IST" name="VerifyLogin" finished-at="2024-10-05T18:03:08 IST" duration-ms="8926" status="PASS">
          <reporter-output>
          </reporter-output>
        </test-method> <!-- VerifyLogin -->
        <test-method is-config="true" signature="teardown()[pri:0, instance:com.timesmed.tests.LoginTest@1787f2a0]" started-at="2024-10-05T18:03:08 IST" name="teardown" finished-at="2024-10-05T18:03:08 IST" duration-ms="541" status="PASS">
          <reporter-output>
          </reporter-output>
        </test-method> <!-- teardown -->
      </class> <!-- com.timesmed.tests.LoginTest -->
    </test> <!-- Test -->
  </suite> <!-- Suite -->
</testng-results>
